	Exporter version: 4.4.1, Blender version: 2.76 (sub 0)
========= Conversion from Blender to Babylon.js =========
	Scene settings used:
		selected layers only:  false
		flat shading entire scene:  false
		inline textures:  false
		texture directory:  D:\Mini golf\Mini-Golf\FrontEnd\app\scripts\gameMap\
	Python World class constructor completed
	processing begun of mesh:  Icosphere
		processing begun of Standard material:  Material.003
		processing begun of Standard material:  Material.002
		processing begun of Standard material:  Material.001
		processing begun of Standard material:  Material__646
			Diffuse texture found "Kd.001"
				Image texture found, type:  diffuseTexture, mapped using: "UVMap"
		processing begun of Standard material:  Material__708
			Diffuse texture found "Kd.002"
				Image texture found, type:  diffuseTexture, mapped using: "UVMap"
		processing begun of Standard material:  Material__612
			Diffuse texture found "Kd"
				Image texture found, type:  diffuseTexture, mapped using: "UVMap"
		processing begun of multimaterial:  girlwithgolffusion3.Multimaterial#0
		num positions      :  53956
		num normals        :  53956
		num uvs            :  107912
		num uvs2           :  0
		num colors         :  0
		num indices        :  269226
	processing begun of camera (FreeCamera):  Camera
	processing begun of light (HEMI):  Hemi.002
	processing begun of light (HEMI):  Hemi.001
	processing begun of light (HEMI):  Hemi
	processing begun of light (POINT):  Lamp
========= Writing of scene file started =========
========= Writing of scene file completed =========
========= end of processing =========
elapsed time:  0 min, 6.5432 secs
